0 info it worked if it ends with ok
1 verbose cli [ '/usr/bin/nodejs', '/usr/bin/npm', 'start' ]
2 info using npm@1.2.18
3 info using node@v0.10.15
4 verbose read json /home/leo-paul/Documents/hashtalk/package.json
5 warn package.json HashTalk@0.0.1 No README.md file found!
6 verbose run-script [ 'prestart', 'start', 'poststart' ]
7 info prestart HashTalk@0.0.1
8 info start HashTalk@0.0.1
9 verbose unsafe-perm in lifecycle true
10 silly exec sh "-c" "node web.js"
11 silly sh,-c,node web.js,/home/leo-paul/Documents/hashtalk spawning
12 info HashTalk@0.0.1 Failed to exec start script
13 error HashTalk@0.0.1 start: `node web.js`
13 error `sh "-c" "node web.js"` failed with 127
14 error Failed at the HashTalk@0.0.1 start script.
14 error This is most likely a problem with the HashTalk package,
14 error not with npm itself.
14 error Tell the author that this fails on your system:
14 error     node web.js
14 error You can get their info via:
14 error     npm owner ls HashTalk
14 error There is likely additional logging output above.
15 error System Linux 3.11.0-15-generic
16 error command "/usr/bin/nodejs" "/usr/bin/npm" "start"
17 error cwd /home/leo-paul/Documents/hashtalk
18 error node -v v0.10.15
19 error npm -v 1.2.18
20 error code ELIFECYCLE
21 verbose exit [ 1, true ]
